SF:lib\core\error\failures.dart
DA:4,1
DA:5,1
LF:2
LH:2
end_of_record
SF:lib\domain\entities\movie.dart
DA:9,4
DA:16,1
DA:17,5
DA:19,1
DA:21,5
LF:5
LH:5
end_of_record
SF:lib\domain\entities\movie_details.dart
DA:10,2
LF:1
LH:1
end_of_record
SF:lib\domain\usecases\get_movie_details.dart
DA:11,0
DA:13,0
DA:15,0
LF:3
LH:0
end_of_record
SF:lib\domain\usecases\search_movies.dart
DA:11,1
DA:13,1
DA:15,2
LF:3
LH:3
end_of_record
SF:lib\presentation\bloc\movie_bloc.dart
DA:12,1
DA:13,2
DA:14,2
DA:15,2
DA:16,3
DA:17,1
DA:18,3
DA:19,3
DA:23,2
DA:24,2
DA:25,3
DA:26,1
DA:27,3
DA:28,3
LF:14
LH:14
end_of_record
SF:lib\presentation\bloc\movie_event.dart
DA:4,0
DA:5,0
DA:11,1
DA:13,0
DA:14,0
DA:20,1
DA:22,0
DA:23,0
LF:8
LH:2
end_of_record
SF:lib\presentation\bloc\movie_state.dart
DA:7,1
DA:8,1
DA:18,1
DA:20,1
DA:21,2
DA:27,1
DA:29,1
DA:30,2
DA:36,1
DA:38,1
DA:39,2
LF:11
LH:11
end_of_record
SF:lib\data\datasources\movie_remote_data_source.dart
DA:18,1
DA:20,1
DA:22,2
DA:23,3
DA:26,2
DA:27,2
DA:28,1
DA:29,3
DA:30,1
DA:32,1
DA:36,1
DA:38,2
DA:39,3
DA:42,2
DA:43,3
DA:45,1
LF:16
LH:16
end_of_record
SF:lib\data\models\movie_details_model.dart
DA:6,1
DA:14,1
DA:24,1
DA:25,1
DA:26,1
DA:27,1
DA:28,1
DA:29,1
DA:30,1
DA:31,1
DA:32,1
DA:36,1
DA:38,8
LF:13
LH:13
end_of_record
SF:lib\data\models\movie_model.dart
DA:6,2
DA:11,2
DA:13,1
DA:14,1
DA:15,1
DA:16,1
DA:17,1
DA:18,1
DA:22,1
DA:23,5
LF:10
LH:10
end_of_record
SF:lib\data\repositories\movie_repository_impl.dart
DA:13,1
DA:15,1
DA:18,2
DA:20,3
DA:21,1
DA:22,1
DA:23,1
DA:24,1
DA:26,1
DA:27,1
DA:28,1
DA:29,2
DA:33,0
DA:37,0
DA:38,0
DA:39,0
DA:40,0
DA:41,0
DA:42,0
DA:43,0
DA:44,0
DA:45,0
DA:47,0
DA:48,0
DA:49,0
LF:25
LH:12
end_of_record
